#
# A fatal error has been detected by the Java Runtime Environment:
#
#  EXCEPTION_ACCESS_VIOLATION (0xc0000005) at pc=0x75acd7ca, pid=1068, tid=5252
#
# JRE version: 6.0_25-b06
# Java VM: Java HotSpot(TM) Client VM (20.0-b11 mixed mode, sharing windows-x86 )
# Problematic frame:
# C  [ole32.dll+0x2d7ca]
#
# If you would like to submit a bug report, please visit:
#   http://java.sun.com/webapps/bugreport/crash.jsp
# The crash happened outside the Java Virtual Machine in native code.
# See problematic frame for where to report the bug.
#

---------------  T H R E A D  ---------------

Current thread (0x03e90400):  JavaThread "AWT-EventQueue-0" [_thread_in_native, id=5252, stack(0x044f0000,0x04540000)]

siginfo: ExceptionCode=0xc0000005, writing address 0x00000028

Registers:
EAX=0x0453e9cc, EBX=0x75be7758, ECX=0x00000000, EDX=0x00000000
ESP=0x0453e99c, EBP=0x0453e9a4, ESI=0x0453e9cc, EDI=0x00000028
EIP=0x75acd7ca, EFLAGS=0x00010246

Top of Stack: (sp=0x0453e99c)
0x0453e99c:   0014c588 00152098 0453e9e0 75acd300
0x0453e9ac:   0453e9cc 03e26f84 0014c588 00000000
0x0453e9bc:   00000000 00152338 00152098 00000000
0x0453e9cc:   0000b400 0000042c 40a17bc6 c2d3a267
0x0453e9dc:   a64a7ba2 0453e9fc 75acd369 03f164c8
0x0453e9ec:   00000000 75bdd6ee 03e258e0 0014c588
0x0453e9fc:   0453ea48 75b2e893 a64a780a 03e258e0
0x0453ea0c:   03e258e0 03e26f84 0453ea2c 7569ad36 

Instructions: (pc=0x75acd7ca)
0x75acd7aa:   00 83 c4 0c 89 45 fc 8b 45 fc c9 c2 30 00 90 90
0x75acd7ba:   90 90 90 8b ff 55 8b ec 56 8b 75 08 57 8d 79 28
0x75acd7ca:   a5 a5 a5 a5 5f 5e 5d c2 04 00 ff 75 0c ff 75 08
0x75acd7da:   e8 8d fe ff ff e9 15 f7 ff ff 90 90 90 90 90 8b 


Register to memory mapping:

EAX=0x0453e9cc is pointing into the stack for thread: 0x03e90400
EBX=0x75be7758 is an unknown value
ECX=0x00000000 is an unknown value
EDX=0x00000000 is an unknown value
ESP=0x0453e99c is pointing into the stack for thread: 0x03e90400
EBP=0x0453e9a4 is pointing into the stack for thread: 0x03e90400
ESI=0x0453e9cc is pointing into the stack for thread: 0x03e90400
EDI=0x00000028 is an unknown value


Stack: [0x044f0000,0x04540000],  sp=0x0453e99c,  free space=314k
Native frames: (J=compiled Java code, j=interpreted, Vv=VM code, C=native code)
C  [ole32.dll+0x2d7ca]  CoGetTreatAsClass+0x309b
C  [ole32.dll+0x2d300]  CoGetTreatAsClass+0x2bd1
C  [ole32.dll+0x2d369]  CoGetTreatAsClass+0x2c3a
C  [ole32.dll+0x8e893]  CoLockObjectExternal+0x22

Java frames: (J=compiled Java code, j=interpreted, Vv=VM code)
j  sun.awt.windows.WComponentPeer.addNativeDropTarget()J+0
j  sun.awt.windows.WComponentPeer.addDropTarget(Ljava/awt/dnd/DropTarget;)V+9
j  java.awt.dnd.DropTarget.addNotify(Ljava/awt/peer/ComponentPeer;)V+60
j  java.awt.Component.addNotify()V+297
j  java.awt.Container.addNotify()V+8
j  javax.swing.JComponent.addNotify()V+1
j  java.awt.Container.addNotify()V+61
j  javax.swing.JComponent.addNotify()V+1
j  java.awt.Container.addNotify()V+61
j  javax.swing.JComponent.addNotify()V+1
j  java.awt.Container.addNotify()V+61
j  javax.swing.JComponent.addNotify()V+1
j  javax.swing.JRootPane.addNotify()V+5
j  java.awt.Container.addNotify()V+61
j  java.awt.Window.addNotify()V+73
j  java.awt.Frame.addNotify()V+70
j  java.awt.Window.pack()V+28
j  dinahelp.GUI.VideoGUI.initComponents()V+526
j  dinahelp.GUI.VideoGUI.<init>()V+71
j  dinahelp.GUI.InicialGUI.actionPerformed(Ljava/awt/event/ActionEvent;)V+149
j  javax.swing.AbstractButton.fireActionPerformed(Ljava/awt/event/ActionEvent;)V+84
j  javax.swing.AbstractButton$Handler.actionPerformed(Ljava/awt/event/ActionEvent;)V+5
j  javax.swing.DefaultButtonModel.fireActionPerformed(Ljava/awt/event/ActionEvent;)V+35
j  javax.swing.DefaultButtonModel.setPressed(Z)V+117
j  javax.swing.plaf.basic.BasicButtonListener.mouseReleased(Ljava/awt/event/MouseEvent;)V+35
j  java.awt.AWTEventMulticaster.mouseReleased(Ljava/awt/event/MouseEvent;)V+8
j  java.awt.Component.processMouseEvent(Ljava/awt/event/MouseEvent;)V+64
j  javax.swing.JComponent.processMouseEvent(Ljava/awt/event/MouseEvent;)V+23
j  java.awt.Component.processEvent(Ljava/awt/AWTEvent;)V+81
j  java.awt.Container.processEvent(Ljava/awt/AWTEvent;)V+18
j  java.awt.Component.dispatchEventImpl(Ljava/awt/AWTEvent;)V+566
j  java.awt.Container.dispatchEventImpl(Ljava/awt/AWTEvent;)V+42
j  java.awt.Component.dispatchEvent(Ljava/awt/AWTEvent;)V+2
j  java.awt.LightweightDispatcher.retargetMouseEvent(Ljava/awt/Component;ILjava/awt/event/MouseEvent;)V+320
j  java.awt.LightweightDispatcher.processMouseEvent(Ljava/awt/event/MouseEvent;)Z+139
j  java.awt.LightweightDispatcher.dispatchEvent(Ljava/awt/AWTEvent;)Z+50
j  java.awt.Container.dispatchEventImpl(Ljava/awt/AWTEvent;)V+12
j  java.awt.Window.dispatchEventImpl(Ljava/awt/AWTEvent;)V+19
j  java.awt.Component.dispatchEvent(Ljava/awt/AWTEvent;)V+2
j  java.awt.EventQueue.dispatchEventImpl(Ljava/awt/AWTEvent;Ljava/lang/Object;)V+41
j  java.awt.EventQueue.access$000(Ljava/awt/EventQueue;Ljava/awt/AWTEvent;Ljava/lang/Object;)V+3
j  java.awt.EventQueue$1.run()Ljava/lang/Void;+12
j  java.awt.EventQueue$1.run()Ljava/lang/Object;+1
v  ~StubRoutines::call_stub
j  java.security.AccessController.doPrivileged(Ljava/security/PrivilegedAction;Ljava/security/AccessControlContext;)Ljava/lang/Object;+0
j  java.security.AccessControlContext$1.doIntersectionPrivilege(Ljava/security/PrivilegedAction;Ljava/security/AccessControlContext;Ljava/security/AccessControlContext;)Ljava/lang/Object;+28
j  java.security.AccessControlContext$1.doIntersectionPrivilege(Ljava/security/PrivilegedAction;Ljava/security/AccessControlContext;)Ljava/lang/Object;+6
j  java.awt.EventQueue$2.run()Ljava/lang/Void;+11
j  java.awt.EventQueue$2.run()Ljava/lang/Object;+1
v  ~StubRoutines::call_stub
j  java.security.AccessController.doPrivileged(Ljava/security/PrivilegedAction;Ljava/security/AccessControlContext;)Ljava/lang/Object;+0
j  java.security.AccessControlContext$1.doIntersectionPrivilege(Ljava/security/PrivilegedAction;Ljava/security/AccessControlContext;Ljava/security/AccessControlContext;)Ljava/lang/Object;+28
j  java.awt.EventQueue.dispatchEvent(Ljava/awt/AWTEvent;)V+73
j  java.awt.EventDispatchThread.pumpOneEventForFilters(I)Z+204
j  java.awt.EventDispatchThread.pumpEventsForFilter(ILjava/awt/Conditional;Ljava/awt/EventFilter;)V+30
j  java.awt.EventDispatchThread.pumpEventsForHierarchy(ILjava/awt/Conditional;Ljava/awt/Component;)V+11
j  java.awt.EventDispatchThread.pumpEvents(ILjava/awt/Conditional;)V+4
j  java.awt.EventDispatchThread.pumpEvents(Ljava/awt/Conditional;)V+3
j  java.awt.EventDispatchThread.run()V+9
v  ~StubRoutines::call_stub

---------------  P R O C E S S  ---------------

Java Threads: ( => current thread )
  0x03f27000 JavaThread "Image Fetcher 1" daemon [_thread_blocked, id=4824, stack(0x04db0000,0x04e00000)]
  0x03f54800 JavaThread "Java Sound Event Dispatcher" daemon [_thread_blocked, id=5408, stack(0x04d60000,0x04db0000)]
  0x03f1e400 JavaThread "Thread-4" [_thread_blocked, id=1588, stack(0x04b20000,0x04b70000)]
  0x03f15c00 JavaThread "Thread-3" [_thread_blocked, id=4992, stack(0x04ad0000,0x04b20000)]
  0x03f15000 JavaThread "TimerQueue" daemon [_thread_blocked, id=5128, stack(0x04630000,0x04680000)]
  0x00299400 JavaThread "DestroyJavaVM" [_thread_blocked, id=6072, stack(0x002a0000,0x002f0000)]
=>0x03e90400 JavaThread "AWT-EventQueue-0" [_thread_in_native, id=5252, stack(0x044f0000,0x04540000)]
  0x03e26000 JavaThread "Image Fetcher 0" daemon [_thread_blocked, id=1676, stack(0x04250000,0x042a0000)]
  0x03e0f800 JavaThread "AWT-Windows" daemon [_thread_in_native, id=4372, stack(0x041a0000,0x041f0000)]
  0x03e0f000 JavaThread "AWT-Shutdown" [_thread_blocked, id=5216, stack(0x04150000,0x041a0000)]
  0x03e0c800 JavaThread "Java2D Disposer" daemon [_thread_blocked, id=3444, stack(0x04100000,0x04150000)]
  0x019ad000 JavaThread "Low Memory Detector" daemon [_thread_blocked, id=1556, stack(0x03d30000,0x03d80000)]
  0x019a8400 JavaThread "C1 CompilerThread0" daemon [_thread_blocked, id=364, stack(0x03ce0000,0x03d30000)]
  0x019a7400 JavaThread "Attach Listener" daemon [_thread_blocked, id=2596, stack(0x03c90000,0x03ce0000)]
  0x019a4400 JavaThread "Signal Dispatcher" daemon [_thread_blocked, id=3872, stack(0x03c40000,0x03c90000)]
  0x0199bc00 JavaThread "Finalizer" daemon [_thread_blocked, id=1160, stack(0x03bf0000,0x03c40000)]
  0x0199a000 JavaThread "Reference Handler" daemon [_thread_blocked, id=3272, stack(0x03ba0000,0x03bf0000)]

Other Threads:
  0x0195dc00 VMThread [stack: 0x03b50000,0x03ba0000] [id=796]
  0x019bec00 WatcherThread [stack: 0x03d80000,0x03dd0000] [id=4208]

VM state:not at safepoint (normal execution)

VM Mutex/Monitor currently owned by a thread: None

Heap
 def new generation   total 4992K, used 1587K [0x239d0000, 0x23f30000, 0x28f20000)
  eden space 4480K,  35% used [0x239d0000, 0x23b5cc20, 0x23e30000)
  from space 512K,   0% used [0x23eb0000, 0x23eb0000, 0x23f30000)
  to   space 512K,   0% used [0x23e30000, 0x23e30000, 0x23eb0000)
 tenured generation   total 126764K, used 116872K [0x28f20000, 0x30aeb000, 0x339d0000)
   the space 126764K,  92% used [0x28f20000, 0x30142318, 0x30142400, 0x30aeb000)
 compacting perm gen  total 12288K, used 813K [0x339d0000, 0x345d0000, 0x379d0000)
   the space 12288K,   6% used [0x339d0000, 0x33a9b760, 0x33a9b800, 0x345d0000)
    ro space 10240K,  54% used [0x379d0000, 0x37f4e770, 0x37f4e800, 0x383d0000)
    rw space 12288K,  55% used [0x383d0000, 0x38a74ac8, 0x38a74c00, 0x38fd0000)

Code Cache  [0x01a20000, 0x01ac8000, 0x03a20000)
 total_blobs=306 nmethods=94 adapters=148 free_code_cache=32874496 largest_free_block=0

Dynamic libraries:
0x00400000 - 0x00424000 	C:\Program Files\Java\jdk1.6.0_25\bin\java.exe
0x77330000 - 0x7746c000 	C:\Windows\SYSTEM32\ntdll.dll
0x76600000 - 0x766d4000 	C:\Windows\system32\kernel32.dll
0x75690000 - 0x756da000 	C:\Windows\system32\KERNELBASE.dll
0x76070000 - 0x76110000 	C:\Windows\system32\ADVAPI32.dll
0x76550000 - 0x765fc000 	C:\Windows\system32\msvcrt.dll
0x75ee0000 - 0x75ef9000 	C:\Windows\SYSTEM32\sechost.dll
0x774a0000 - 0x77541000 	C:\Windows\system32\RPCRT4.dll
0x7c340000 - 0x7c396000 	C:\Program Files\Java\jdk1.6.0_25\jre\bin\msvcr71.dll
0x6d8a0000 - 0x6db4f000 	C:\Program Files\Java\jdk1.6.0_25\jre\bin\client\jvm.dll
0x75f40000 - 0x76009000 	C:\Windows\system32\USER32.dll
0x76120000 - 0x7616e000 	C:\Windows\system32\GDI32.dll
0x76110000 - 0x7611a000 	C:\Windows\system32\LPK.dll
0x757d0000 - 0x7586d000 	C:\Windows\system32\USP10.dll
0x73aa0000 - 0x73ad2000 	C:\Windows\system32\WINMM.dll
0x75a20000 - 0x75a3f000 	C:\Windows\system32\IMM32.DLL
0x76480000 - 0x7654c000 	C:\Windows\system32\MSCTF.dll
0x75400000 - 0x7544c000 	C:\Windows\system32\apphelp.dll
0x6d850000 - 0x6d85c000 	C:\Program Files\Java\jdk1.6.0_25\jre\bin\verify.dll
0x6d3d0000 - 0x6d3ef000 	C:\Program Files\Java\jdk1.6.0_25\jre\bin\java.dll
0x75ed0000 - 0x75ed5000 	C:\Windows\system32\PSAPI.DLL
0x6d890000 - 0x6d89f000 	C:\Program Files\Java\jdk1.6.0_25\jre\bin\zip.dll
0x6d0b0000 - 0x6d1fb000 	C:\Program Files\Java\jdk1.6.0_25\jre\bin\awt.dll
0x732b0000 - 0x73301000 	C:\Windows\system32\WINSPOOL.DRV
0x75aa0000 - 0x75bfc000 	C:\Windows\system32\ole32.dll
0x74010000 - 0x741ae000 	C:\Windows\WinSxS\x86_microsoft.windows.common-controls_6595b64144ccf1df_6.0.7601.17514_none_41e6975e2bd6f2b2\COMCTL32.dll
0x75a40000 - 0x75a97000 	C:\Windows\system32\SHLWAPI.dll
0x73c10000 - 0x73c23000 	C:\Windows\system32\DWMAPI.DLL
0x10000000 - 0x1007a000 	C:\Program Files\DigitalPersona\Bin\DpoFeedb.dll
0x76170000 - 0x761ff000 	C:\Windows\system32\OLEAUT32.dll
0x74af0000 - 0x74b07000 	C:\Windows\system32\USERENV.dll
0x754d0000 - 0x754db000 	C:\Windows\system32\profapi.dll
0x75450000 - 0x7545c000 	C:\Windows\system32\CRYPTBASE.dll
0x041f0000 - 0x0424a000 	C:\Program Files\DigitalPersona\Bin\DpoSet.dll
0x766e0000 - 0x7732a000 	C:\Windows\system32\shell32.dll
0x6d2e0000 - 0x6d32f000 	C:\Program Files\Java\jdk1.6.0_25\jre\bin\fontmanager.dll
0x6d6b0000 - 0x6d6c3000 	C:\Program Files\Java\jdk1.6.0_25\jre\bin\net.dll
0x75f00000 - 0x75f35000 	C:\Windows\system32\WS2_32.dll
0x76200000 - 0x76206000 	C:\Windows\system32\NSI.dll
0x74f30000 - 0x74f6c000 	C:\Windows\system32\mswsock.dll
0x75100000 - 0x75106000 	C:\Windows\System32\wship6.dll
0x6d6d0000 - 0x6d6d9000 	C:\Program Files\Java\jdk1.6.0_25\jre\bin\nio.dll
0x75990000 - 0x75a13000 	C:\Windows\system32\CLBCatQ.DLL
0x6d5c0000 - 0x6d5e4000 	C:\Program Files\Java\jdk1.6.0_25\jre\bin\jsound.dll
0x6d5f0000 - 0x6d5f8000 	C:\Program Files\Java\jdk1.6.0_25\jre\bin\jsoundds.dll
0x73d80000 - 0x73df2000 	C:\Windows\system32\DSOUND.dll
0x74350000 - 0x74375000 	C:\Windows\system32\POWRPROF.dll
0x76260000 - 0x763fd000 	C:\Windows\system32\SETUPAPI.dll
0x75770000 - 0x75797000 	C:\Windows\system32\CFGMGR32.dll
0x75550000 - 0x75562000 	C:\Windows\system32\DEVOBJ.dll
0x74310000 - 0x74349000 	C:\Windows\system32\MMDevAPI.DLL
0x741b0000 - 0x742a5000 	C:\Windows\system32\PROPSYS.dll
0x73330000 - 0x73360000 	C:\Windows\system32\wdmaud.drv
0x738c0000 - 0x738c4000 	C:\Windows\system32\ksuser.dll
0x742e0000 - 0x742e7000 	C:\Windows\system32\AVRT.dll
0x73940000 - 0x73976000 	C:\Windows\system32\AUDIOSES.DLL
0x72f00000 - 0x72f08000 	C:\Windows\system32\msacm32.drv
0x72ee0000 - 0x72ef4000 	C:\Windows\system32\MSACM32.dll
0x72ed0000 - 0x72ed7000 	C:\Windows\system32\midimap.dll
0x74f70000 - 0x74f86000 	C:\Windows\system32\CRYPTSP.dll
0x74d10000 - 0x74d4b000 	C:\Windows\system32\rsaenh.dll
0x754c0000 - 0x754ce000 	C:\Windows\system32\RpcRtRemote.dll
0x6d4f0000 - 0x6d515000 	C:\Program Files\Java\jdk1.6.0_25\jre\bin\jpeg.dll

VM Arguments:
jvm_args: -Dfile.encoding=UTF-8 
java_command: dinahelp.GUI.DinaHelp
Launcher Type: SUN_STANDARD

Environment Variables:
CLASSPATH=.;.;C:\PROGRA~1\JMF21~1.1E\lib\sound.jar;C:\PROGRA~1\JMF21~1.1E\lib\jmf.jar;C:\PROGRA~1\JMF21~1.1E\lib;
PATH=C:\Program Files\Common Files\Microsoft Shared\Windows Live;C:\Windows\system32;C:\Windows;C:\Windows\System32\Wbem;C:\Windows\System32\WindowsPowerShell\v1.0\;c:\Program Files\WIDCOMM\Bluetooth Software\;C:\Program Files\Dell\DW WLAN Card;C:\Program Files\Windows Live\Shared;C:\Program Files\Common Files\Roxio Shared\DLLShared\;C:\Program Files\Common Files\Roxio Shared\OEM\DLLShared\;C:\Program Files\Common Files\Roxio Shared\OEM\DLLShared\;C:\Program Files\Common Files\Roxio Shared\OEM\12.0\DLLShared\;C:\Program Files\Roxio\OEM\AudioCore\;C:\Program Files\Microsoft SQL Server\100\Tools\Binn\;C:\Program Files\Microsoft SQL Server\100\DTS\Binn\;C:\Program Files\MySQL\MySQL Server 5.1\bin;C:\Program Files\TortoiseSVN\bin
USERNAME=Guilherme
OS=Windows_NT
PROCESSOR_IDENTIFIER=x86 Family 6 Model 37 Stepping 5, GenuineIntel



---------------  S Y S T E M  ---------------

OS: Windows 7 Build 7601 Service Pack 1

CPU:total 4 (2 cores per cpu, 2 threads per core) family 6 model 37 stepping 5, cmov, cx8, fxsr, mmx, sse, sse2, sse3, ssse3, sse4.1, sse4.2, popcnt, ht

Memory: 4k page, physical 3005116k(1040352k free), swap 6008476k(3639060k free)

vm_info: Java HotSpot(TM) Client VM (20.0-b11) for windows-x86 JRE (1.6.0_25-b06), built on Apr 14 2011 01:04:32 by "java_re" with MS VC++ 7.1 (VS2003)

time: Sun Nov 13 18:25:36 2011
elapsed time: 3 seconds

